cropper/build/intermediates/manifest_merge_blame_file/debug/manifest-merger-blame-debug-report.txt
1<?xml version="1.0" encoding="utf-8"?>
2<manifest xmlns:android="http://schemas.android.com/apk/res/android"
3    package="com.edmodo.cropper"
4    android:versionCode="2"
5    android:versionName="2.0" >
6
7    <uses-sdk
8        android:minSdkVersion="17"
8-->homework\cropper\AndroidManifest.xml
9        android:targetSdkVersion="28" />
9-->homework\cropper\AndroidManifest.xml
10
11</manifest>